Using pre-set license
Built from '2021.3/release' branch; Version is '2021.3.12f1 (8af3c3e441b1) revision 9106371'; Using compiler version '192829333'; Build Type 'Release'
OS: 'Windows 11  (10.0.22621) 64bit Professional' Language: 'en' Physical Memory: 16290 MB
BatchMode: 1, IsHumanControllingUs: 0, StartBugReporterOnCrash: 0, Is64bit: 1, IsPro: 1

COMMAND LINE ARGUMENTS:
A:\Code\2021.3.12f1\Editor\Unity.exe
-adb2
-batchMode
-noUpm
-name
AssetImportWorker0
-projectPath
R:/New Project/Renewable Energy Project CIE 152
-logFile
Logs/AssetImportWorker0.log
-srvPort
63681
Successfully changed project path to: R:/New Project/Renewable Energy Project CIE 152
R:/New Project/Renewable Energy Project CIE 152
[UnityMemory] Configuration Parameters - Can be set up in boot.config
    "memorysetup-bucket-allocator-granularity=16"
    "memorysetup-bucket-allocator-bucket-count=8"
    "memorysetup-bucket-allocator-block-size=33554432"
    "memorysetup-bucket-allocator-block-count=8"
    "memorysetup-main-allocator-block-size=16777216"
    "memorysetup-thread-allocator-block-size=16777216"
    "memorysetup-gfx-main-allocator-block-size=16777216"
    "memorysetup-gfx-thread-allocator-block-size=16777216"
    "memorysetup-cache-allocator-block-size=4194304"
    "memorysetup-typetree-allocator-block-size=2097152"
    "memorysetup-profiler-bucket-allocator-granularity=16"
    "memorysetup-profiler-bucket-allocator-bucket-count=8"
    "memorysetup-profiler-bucket-allocator-block-size=33554432"
    "memorysetup-profiler-bucket-allocator-block-count=8"
    "memorysetup-profiler-allocator-block-size=16777216"
    "memorysetup-profiler-editor-allocator-block-size=1048576"
    "memorysetup-temp-allocator-size-main=16777216"
    "memorysetup-job-temp-allocator-block-size=2097152"
    "memorysetup-job-temp-allocator-block-size-background=1048576"
    "memorysetup-job-temp-allocator-reduction-small-platforms=262144"
    "memorysetup-temp-allocator-size-background-worker=32768"
    "memorysetup-temp-allocator-size-job-worker=262144"
    "memorysetup-temp-allocator-size-preload-manager=33554432"
    "memorysetup-temp-allocator-size-nav-mesh-worker=65536"
    "memorysetup-temp-allocator-size-audio-worker=65536"
    "memorysetup-temp-allocator-size-cloud-worker=32768"
    "memorysetup-temp-allocator-size-gi-baking-worker=262144"
    "memorysetup-temp-allocator-size-gfx=262144"
Refreshing native plugins compatible for Editor in 61.67 ms, found 3 plugins.
Preloading 0 native plugins for Editor in 0.00 ms.
Initialize engine version: 2021.3.12f1 (8af3c3e441b1)
[Subsystems] Discovering subsystems at path A:/Code/2021.3.12f1/Editor/Data/Resources/UnitySubsystems
[Subsystems] Discovering subsystems at path R:/New Project/Renewable Energy Project CIE 152/Assets
GfxDevice: creating device client; threaded=0; jobified=0
Direct3D:
    Version:  Direct3D 11.0 [level 11.1]
    Renderer: AMD Radeon RX 6600 (ID=0x73ff)
    Vendor:   ATI
    VRAM:     8146 MB
    Driver:   31.0.14033.1012
Initialize mono
Mono path[0] = 'A:/Code/2021.3.12f1/Editor/Data/Managed'
Mono path[1] = 'A:/Code/2021.3.12f1/Editor/Data/MonoBleedingEdge/lib/mono/unityjit-win32'
Mono config path = 'A:/Code/2021.3.12f1/Editor/Data/MonoBleedingEdge/etc'
Using monoOptions --debugger-agent=transport=dt_socket,embedding=1,server=y,suspend=n,address=127.0.0.1:56776
Begin MonoManager ReloadAssembly
Registering precompiled unity dll's ...
Register platform support module: A:/Code/2021.3.12f1/Editor/Data/PlaybackEngines/WindowsStandaloneSupport/UnityEditor.WindowsStandalone.Extensions.dll
Registered in 0.007910 seconds.
Native extension for WindowsStandalone target not found
Refreshing native plugins compatible for Editor in 63.90 ms, found 3 plugins.
Preloading 0 native plugins for Editor in 0.00 ms.
Mono: successfully reloaded assembly
- Completed reload, in  0.577 seconds
Domain Reload Profiling:
	ReloadAssembly (578ms)
		BeginReloadAssembly (85ms)
			ExecutionOrderSort (0ms)
			DisableScriptedObjects (0ms)
			BackupInstance (0ms)
			ReleaseScriptingObjects (0ms)
			CreateAndSetChildDomain (1ms)
		EndReloadAssembly (389ms)
			LoadAssemblies (80ms)
			RebuildTransferFunctionScriptingTraits (0ms)
			SetupTypeCache (85ms)
			ReleaseScriptCaches (0ms)
			RebuildScriptCaches (26ms)
			SetupLoadedEditorAssemblies (230ms)
				LogAssemblyErrors (0ms)
				InitializePlatformSupportModulesInManaged (9ms)
				SetLoadedEditorAssemblies (0ms)
				RefreshPlugins (64ms)
				BeforeProcessingInitializeOnLoad (1ms)
				ProcessInitializeOnLoadAttributes (118ms)
				ProcessInitializeOnLoadMethodAttributes (37ms)
				AfterProcessingInitializeOnLoad (0ms)
				EditorAssembliesLoaded (0ms)
			ExecutionOrderSort2 (0ms)
			AwakeInstancesAfterBackupRestoration (0ms)
Platform modules already initialized, skipping
Registering precompiled user dll's ...
Registered in 0.002696 seconds.
Begin MonoManager ReloadAssembly
Symbol file LoadedFromMemory doesn't match image R:\New Project\Renewable Energy Project CIE 152\Library\PackageCache\com.unity.visualscripting@1.7.8\Editor\VisualScripting.Core\Dependencies\YamlDotNet\Unity.VisualScripting.YamlDotNet.dll
Symbol file LoadedFromMemory doesn't match image R:\New Project\Renewable Energy Project CIE 152\Library\PackageCache\com.unity.visualscripting@1.7.8\Editor\VisualScripting.Core\Dependencies\DotNetZip\Unity.VisualScripting.IonicZip.dll
Native extension for WindowsStandalone target not found
Refreshing native plugins compatible for Editor in 0.75 ms, found 3 plugins.
Preloading 0 native plugins for Editor in 0.00 ms.
Mono: successfully reloaded assembly
- Completed reload, in  0.921 seconds
Domain Reload Profiling:
	ReloadAssembly (921ms)
		BeginReloadAssembly (111ms)
			ExecutionOrderSort (0ms)
			DisableScriptedObjects (5ms)
			BackupInstance (0ms)
			ReleaseScriptingObjects (0ms)
			CreateAndSetChildDomain (15ms)
		EndReloadAssembly (709ms)
			LoadAssemblies (79ms)
			RebuildTransferFunctionScriptingTraits (0ms)
			SetupTypeCache (186ms)
			ReleaseScriptCaches (1ms)
			RebuildScriptCaches (50ms)
			SetupLoadedEditorAssemblies (369ms)
				LogAssemblyErrors (0ms)
				InitializePlatformSupportModulesInManaged (6ms)
				SetLoadedEditorAssemblies (1ms)
				RefreshPlugins (1ms)
				BeforeProcessingInitializeOnLoad (84ms)
				ProcessInitializeOnLoadAttributes (237ms)
				ProcessInitializeOnLoadMethodAttributes (28ms)
				AfterProcessingInitializeOnLoad (12ms)
				EditorAssembliesLoaded (0ms)
			ExecutionOrderSort2 (0ms)
			AwakeInstancesAfterBackupRestoration (5ms)
Platform modules already initialized, skipping
========================================================================
Worker process is ready to serve import requests
Launched and connected shader compiler UnityShaderCompiler.exe after 0.07 seconds
Refreshing native plugins compatible for Editor in 0.55 ms, found 3 plugins.
Preloading 0 native plugins for Editor in 0.00 ms.
Unloading 3260 Unused Serialized files (Serialized files now loaded: 0)
Unloading 24 unused Assets / (56.1 KB). Loaded Objects now: 3720.
Memory consumption went from 111.7 MB to 111.7 MB.
Total: 3.024700 ms (FindLiveObjects: 0.270100 ms CreateObjectMapping: 0.076000 ms MarkObjects: 2.606900 ms  DeleteObjects: 0.070100 ms)

AssetImportParameters requested are different than current active one (requested -> active):
  custom:video-decoder-ogg-theora: a1e56fd34408186e4bbccfd4996cb3dc -> 
  custom:container-muxer-webm: aa71ff27fc2769a1b78a27578f13a17b -> 
  custom:container-demuxer-webm: 4f35f7cbe854078d1ac9338744f61a02 -> 
  custom:video-encoder-webm-vp8: eb34c28f22e8b96e1ab97ce403110664 -> 
  custom:audio-encoder-webm-vorbis: bf7c407c2cedff20999df2af8eb42d56 -> 
  custom:framework-win-MediaFoundation: 216162199b28c13a410421893ffa2e32 -> 
  custom:container-demuxer-ogg: 62fdf1f143b41e24485cea50d1cbac27 -> 
  custom:video-decoder-webm-vp8: 9c59270c3fd7afecdb556c50c9e8de78 -> 
  custom:audio-decoder-ogg-vorbis: bf7c407c2cedff20999df2af8eb42d56 -> 
========================================================================
Received Import Request.
  Time since last request: 580.893469 seconds.
  path: Packages/com.unity.ext.nunit/package.json
  artifactKey: Guid(8143d3a8390f2c64685e3bc272bd9e90) Importer(815301076,1909f56bfc062723c751e8b465ee728b)
Start importing Packages/com.unity.ext.nunit/package.json using Guid(8143d3a8390f2c64685e3bc272bd9e90) Importer(815301076,1909f56bfc062723c751e8b465ee728b)  -> (artifact id: 'b40fc5629c4141466786b845dfe4fc31') in 0.029285 seconds 
========================================================================
Received Import Request.
  Time since last request: 0.440045 seconds.
  path: Packages/com.unity.ide.rider/package.json
  artifactKey: Guid(66c95bb3c74257f41bae2622511dc02d) Importer(815301076,1909f56bfc062723c751e8b465ee728b)
Start importing Packages/com.unity.ide.rider/package.json using Guid(66c95bb3c74257f41bae2622511dc02d) Importer(815301076,1909f56bfc062723c751e8b465ee728b)  -> (artifact id: 'eeaee6515a9826a123aeb6dd10feda94') in 0.001022 seconds 
========================================================================
Received Import Request.
  Time since last request: 0.680131 seconds.
  path: Packages/com.unity.nuget.newtonsoft-json/package.json
  artifactKey: Guid(f8d4e5c2f2df25449ae8c391afbe5114) Importer(815301076,1909f56bfc062723c751e8b465ee728b)
Start importing Packages/com.unity.nuget.newtonsoft-json/package.json using Guid(f8d4e5c2f2df25449ae8c391afbe5114) Importer(815301076,1909f56bfc062723c751e8b465ee728b)  -> (artifact id: 'e0c218fbffcdcb093e7ceeada5090097') in 0.001013 seconds 
========================================================================
Received Import Request.
  Time since last request: 3.157576 seconds.
  path: Packages/com.unity.services.core/package.json
  artifactKey: Guid(182c5bcc97fc21747a9ca5e01da1ed3f) Importer(815301076,1909f56bfc062723c751e8b465ee728b)
Start importing Packages/com.unity.services.core/package.json using Guid(182c5bcc97fc21747a9ca5e01da1ed3f) Importer(815301076,1909f56bfc062723c751e8b465ee728b)  -> (artifact id: 'cfb1065c7d33ea1fa79dcf26605849da') in 0.001115 seconds 
========================================================================
Received Import Request.
  Time since last request: 0.459012 seconds.
  path: Packages/com.unity.test-framework/package.json
  artifactKey: Guid(d6a2e6e4803de7b43baacdc355fc144d) Importer(815301076,1909f56bfc062723c751e8b465ee728b)
Start importing Packages/com.unity.test-framework/package.json using Guid(d6a2e6e4803de7b43baacdc355fc144d) Importer(815301076,1909f56bfc062723c751e8b465ee728b)  -> (artifact id: 'e18898ccc8b096ee8f2e6704cc6568de') in 0.001071 seconds 
========================================================================
Received Import Request.
  Time since last request: 0.422402 seconds.
  path: Packages/com.unity.textmeshpro/package.json
  artifactKey: Guid(220e9325710f4235a43492dd1ee4980d) Importer(815301076,1909f56bfc062723c751e8b465ee728b)
Start importing Packages/com.unity.textmeshpro/package.json using Guid(220e9325710f4235a43492dd1ee4980d) Importer(815301076,1909f56bfc062723c751e8b465ee728b)  -> (artifact id: '7f445814511be1caffb984507b3a4793') in 0.001031 seconds 
========================================================================
Received Import Request.
  Time since last request: 0.422709 seconds.
  path: Packages/com.unity.timeline/package.json
  artifactKey: Guid(13a9c1b4df2e489e8eb9cacca7429596) Importer(815301076,1909f56bfc062723c751e8b465ee728b)
Start importing Packages/com.unity.timeline/package.json using Guid(13a9c1b4df2e489e8eb9cacca7429596) Importer(815301076,1909f56bfc062723c751e8b465ee728b)  -> (artifact id: 'cb8bfccb78abbe7dce246704718d398b') in 0.001010 seconds 
========================================================================
Received Import Request.
  Time since last request: 0.434328 seconds.
  path: Packages/com.unity.collab-proxy/package.json
  artifactKey: Guid(743fda8c4b219c8429fb5a77ede1c879) Importer(815301076,1909f56bfc062723c751e8b465ee728b)
Start importing Packages/com.unity.collab-proxy/package.json using Guid(743fda8c4b219c8429fb5a77ede1c879) Importer(815301076,1909f56bfc062723c751e8b465ee728b)  -> (artifact id: '8984c24a74a7f0682735378a0d8c311a') in 0.001017 seconds 
========================================================================
Received Import Request.
  Time since last request: 78.205484 seconds.
  path: Assets
  artifactKey: Guid(00000000000000001000000000000000) Importer(815301076,1909f56bfc062723c751e8b465ee728b)
Start importing Assets using Guid(00000000000000001000000000000000) Importer(815301076,1909f56bfc062723c751e8b465ee728b)  -> (artifact id: '79842766b460edbeab6a34051e857a80') in 0.000958 seconds 
========================================================================
Received Import Request.
  Time since last request: 10.138375 seconds.
  path: Assets/Scripts
  artifactKey: Guid(b7a3c7431ba8d944e86d11c1fc83e167) Importer(815301076,1909f56bfc062723c751e8b465ee728b)
Start importing Assets/Scripts using Guid(b7a3c7431ba8d944e86d11c1fc83e167) Importer(815301076,1909f56bfc062723c751e8b465ee728b)  -> (artifact id: 'b9cd66b6b4bcdc95747b9721ea537d95') in 0.001053 seconds 
========================================================================
Received Import Request.
  Time since last request: 6.186166 seconds.
  path: Assets/Materials
  artifactKey: Guid(76138170b58bf5448aa6d0fa309a0d48) Importer(815301076,1909f56bfc062723c751e8b465ee728b)
Start importing Assets/Materials using Guid(76138170b58bf5448aa6d0fa309a0d48) Importer(815301076,1909f56bfc062723c751e8b465ee728b)  -> (artifact id: '700534287731199492e327b82083052e') in 0.001129 seconds 
========================================================================
Received Import Request.
  Time since last request: 7.677774 seconds.
  path: Assets/UI Elements
  artifactKey: Guid(bc17acc123b002e408772350ff45a167) Importer(815301076,1909f56bfc062723c751e8b465ee728b)
Start importing Assets/UI Elements using Guid(bc17acc123b002e408772350ff45a167) Importer(815301076,1909f56bfc062723c751e8b465ee728b)  -> (artifact id: '7cf61abcb97a2e36089b723c6be1214c') in 0.001002 seconds 
========================================================================
Received Import Request.
  Time since last request: 18.883098 seconds.
  path: Assets/Materials/Ground.mat
  artifactKey: Guid(ee98bd83d650d3240bdc1c93889a7c01) Importer(815301076,1909f56bfc062723c751e8b465ee728b)
Start importing Assets/Materials/Ground.mat using Guid(ee98bd83d650d3240bdc1c93889a7c01) Importer(815301076,1909f56bfc062723c751e8b465ee728b)  -> (artifact id: '783156524c71c936282c05a4a01a7251') in 0.300124 seconds 
========================================================================
Received Import Request.
  Time since last request: 113.736073 seconds.
  path: Assets/Materials/WoodFence Color.mat
  artifactKey: Guid(fc1e51f7369c2a741a21b7d3822ae9ea) Importer(815301076,1909f56bfc062723c751e8b465ee728b)
Start importing Assets/Materials/WoodFence Color.mat using Guid(fc1e51f7369c2a741a21b7d3822ae9ea) Importer(815301076,1909f56bfc062723c751e8b465ee728b)  -> (artifact id: '8a1099fa4006605e8acc24562eff21d2') in 0.006165 seconds 
========================================================================
Received Import Request.
  Time since last request: 126.378234 seconds.
  path: Assets/Prefabs
  artifactKey: Guid(2af4c32625c377b4c9e2225082178d54) Importer(815301076,1909f56bfc062723c751e8b465ee728b)
Start importing Assets/Prefabs using Guid(2af4c32625c377b4c9e2225082178d54) Importer(815301076,1909f56bfc062723c751e8b465ee728b)  -> (artifact id: '4c51161e2ef55dd7b400a3104165564e') in 0.001050 seconds 
========================================================================
Received Import Request.
  Time since last request: 3.137520 seconds.
  path: Assets/Prefabs/Fence Post.prefab
  artifactKey: Guid(137644c46826cc042aef182c5a8b4111) Importer(815301076,1909f56bfc062723c751e8b465ee728b)
Start importing Assets/Prefabs/Fence Post.prefab using Guid(137644c46826cc042aef182c5a8b4111) Importer(815301076,1909f56bfc062723c751e8b465ee728b)  -> (artifact id: '00d0070b5db3d600fe26dac80271c5fb') in 0.047183 seconds 
========================================================================
Received Import Request.
  Time since last request: 52.226090 seconds.
  path: Assets/Prefabs/Fence Post 1.prefab
  artifactKey: Guid(6eaf1a6bb9700f34d8116d8ebae5629e) Importer(815301076,1909f56bfc062723c751e8b465ee728b)
Start importing Assets/Prefabs/Fence Post 1.prefab using Guid(6eaf1a6bb9700f34d8116d8ebae5629e) Importer(815301076,1909f56bfc062723c751e8b465ee728b)  -> (artifact id: '857472d6e6d03283ea018310eb5c8f1f') in 0.005940 seconds 
========================================================================
Received Import Request.
  Time since last request: 152.410924 seconds.
  path: Assets/Prefabs/Fence Middle2 (1).prefab
  artifactKey: Guid(2f65f6053f618bd48a198d7f04899fc0) Importer(815301076,1909f56bfc062723c751e8b465ee728b)
Start importing Assets/Prefabs/Fence Middle2 (1).prefab using Guid(2f65f6053f618bd48a198d7f04899fc0) Importer(815301076,1909f56bfc062723c751e8b465ee728b)  -> (artifact id: 'b5ef118bdc96a469535c823bd1883d5e') in 0.006516 seconds 
========================================================================
Received Import Request.
  Time since last request: 0.000020 seconds.
  path: Assets/Prefabs/Fence Middle2 (3).prefab
  artifactKey: Guid(91318bfc6340bd84e842011a1c1babf3) Importer(815301076,1909f56bfc062723c751e8b465ee728b)
Start importing Assets/Prefabs/Fence Middle2 (3).prefab using Guid(91318bfc6340bd84e842011a1c1babf3) Importer(815301076,1909f56bfc062723c751e8b465ee728b)  -> (artifact id: 'e622c3605b712edcffb02bc0df70deca') in 0.005868 seconds 
========================================================================
Received Import Request.
  Time since last request: 0.000015 seconds.
  path: Assets/Prefabs/Fence Middle2 (6).prefab
  artifactKey: Guid(b7f43bbfb32209e439795a75ce4b2324) Importer(815301076,1909f56bfc062723c751e8b465ee728b)
Start importing Assets/Prefabs/Fence Middle2 (6).prefab using Guid(b7f43bbfb32209e439795a75ce4b2324) Importer(815301076,1909f56bfc062723c751e8b465ee728b)  -> (artifact id: 'a8a4708e96170d786e02e0503e38f196') in 0.005479 seconds 
========================================================================
Received Import Request.
  Time since last request: 0.000014 seconds.
  path: Assets/Prefabs/Fence Middle2 (4).prefab
  artifactKey: Guid(d9f7dedbb4c11c54fbca49500225d6d9) Importer(815301076,1909f56bfc062723c751e8b465ee728b)
Start importing Assets/Prefabs/Fence Middle2 (4).prefab using Guid(d9f7dedbb4c11c54fbca49500225d6d9) Importer(815301076,1909f56bfc062723c751e8b465ee728b)  -> (artifact id: '13215f37b687b7a870fa31341f2a03a5') in 0.005618 seconds 
========================================================================
Received Import Request.
  Time since last request: 0.000015 seconds.
  path: Assets/Prefabs/Fence Middle2 (8).prefab
  artifactKey: Guid(634ef08de5086544fbbfaf426f502b3c) Importer(815301076,1909f56bfc062723c751e8b465ee728b)
Start importing Assets/Prefabs/Fence Middle2 (8).prefab using Guid(634ef08de5086544fbbfaf426f502b3c) Importer(815301076,1909f56bfc062723c751e8b465ee728b)  -> (artifact id: 'bd6c1ff499debd7cf304749d686f3548') in 0.005332 seconds 
========================================================================
Received Import Request.
  Time since last request: 0.000017 seconds.
  path: Assets/Prefabs/Fence Middle2 (7).prefab
  artifactKey: Guid(51803efc689770e4c8a2359207d238e0) Importer(815301076,1909f56bfc062723c751e8b465ee728b)
Start importing Assets/Prefabs/Fence Middle2 (7).prefab using Guid(51803efc689770e4c8a2359207d238e0) Importer(815301076,1909f56bfc062723c751e8b465ee728b)  -> (artifact id: '733574b0edc1025705213d3fef60b169') in 0.005635 seconds 
========================================================================
Received Import Request.
  Time since last request: 0.000015 seconds.
  path: Assets/Prefabs/Fence Middle2.prefab
  artifactKey: Guid(cbcc7c75a23d7dc46a44d24fcadcdfee) Importer(815301076,1909f56bfc062723c751e8b465ee728b)
Start importing Assets/Prefabs/Fence Middle2.prefab using Guid(cbcc7c75a23d7dc46a44d24fcadcdfee) Importer(815301076,1909f56bfc062723c751e8b465ee728b)  -> (artifact id: '4f7e89c97fc09060072f41366cab5b5f') in 0.006435 seconds 
========================================================================
Received Import Request.
  Time since last request: 0.000022 seconds.
  path: Assets/Prefabs/Fence Middle2 (5).prefab
  artifactKey: Guid(8b52b100354c50c42a14305d0e886a8a) Importer(815301076,1909f56bfc062723c751e8b465ee728b)
Start importing Assets/Prefabs/Fence Middle2 (5).prefab using Guid(8b52b100354c50c42a14305d0e886a8a) Importer(815301076,1909f56bfc062723c751e8b465ee728b)  -> (artifact id: '01a704a24c1e88b8f5d58e59c831f1da') in 0.008002 seconds 
========================================================================
Received Import Request.
  Time since last request: 71.137549 seconds.
  path: Assets/Prefabs/Fence Post 1.prefab
  artifactKey: Guid(6eaf1a6bb9700f34d8116d8ebae5629e) Importer(815301076,1909f56bfc062723c751e8b465ee728b)
Start importing Assets/Prefabs/Fence Post 1.prefab using Guid(6eaf1a6bb9700f34d8116d8ebae5629e) Importer(815301076,1909f56bfc062723c751e8b465ee728b)  -> (artifact id: '778ef8b67ddc21e53ca9b6a64cf50130') in 0.006845 seconds 
========================================================================
Received Import Request.
  Time since last request: 60.561905 seconds.
  path: Assets/Prefabs/Fences.prefab
  artifactKey: Guid(7352ed8f88bb2a84faff9465e98c20ac) Importer(815301076,1909f56bfc062723c751e8b465ee728b)
Start importing Assets/Prefabs/Fences.prefab using Guid(7352ed8f88bb2a84faff9465e98c20ac) Importer(815301076,1909f56bfc062723c751e8b465ee728b)  -> (artifact id: 'bfdf4c609997e2dded7aa08f3f07e8aa') in 0.006208 seconds 
========================================================================
Received Import Request.
  Time since last request: 230.136161 seconds.
  path: Assets/Prefabs/Larger Fences.prefab
  artifactKey: Guid(907f3eda1a20b7444b64900b207e33dd) Importer(815301076,1909f56bfc062723c751e8b465ee728b)
Start importing Assets/Prefabs/Larger Fences.prefab using Guid(907f3eda1a20b7444b64900b207e33dd) Importer(815301076,1909f56bfc062723c751e8b465ee728b)  -> (artifact id: 'e3e8371e4c7227479e2c425a1d127008') in 0.013934 seconds 
========================================================================
Received Prepare
Registering precompiled user dll's ...
Registered in 0.002548 seconds.
Begin MonoManager ReloadAssembly
Symbol file LoadedFromMemory doesn't match image R:\New Project\Renewable Energy Project CIE 152\Library\PackageCache\com.unity.visualscripting@1.7.8\Editor\VisualScripting.Core\Dependencies\YamlDotNet\Unity.VisualScripting.YamlDotNet.dll
Symbol file LoadedFromMemory doesn't match image R:\New Project\Renewable Energy Project CIE 152\Library\PackageCache\com.unity.visualscripting@1.7.8\Editor\VisualScripting.Core\Dependencies\DotNetZip\Unity.VisualScripting.IonicZip.dll
Native extension for WindowsStandalone target not found
Refreshing native plugins compatible for Editor in 0.57 ms, found 3 plugins.
Preloading 0 native plugins for Editor in 0.00 ms.
Mono: successfully reloaded assembly
- Completed reload, in  0.897 seconds
Domain Reload Profiling:
	ReloadAssembly (898ms)
		BeginReloadAssembly (125ms)
			ExecutionOrderSort (0ms)
			DisableScriptedObjects (4ms)
			BackupInstance (0ms)
			ReleaseScriptingObjects (0ms)
			CreateAndSetChildDomain (27ms)
		EndReloadAssembly (676ms)
			LoadAssemblies (85ms)
			RebuildTransferFunctionScriptingTraits (0ms)
			SetupTypeCache (188ms)
			ReleaseScriptCaches (1ms)
			RebuildScriptCaches (39ms)
			SetupLoadedEditorAssemblies (330ms)
				LogAssemblyErrors (0ms)
				InitializePlatformSupportModulesInManaged (15ms)
				SetLoadedEditorAssemblies (0ms)
				RefreshPlugins (1ms)
				BeforeProcessingInitializeOnLoad (59ms)
				ProcessInitializeOnLoadAttributes (210ms)
				ProcessInitializeOnLoadMethodAttributes (30ms)
				AfterProcessingInitializeOnLoad (15ms)
				EditorAssembliesLoaded (0ms)
			ExecutionOrderSort2 (0ms)
			AwakeInstancesAfterBackupRestoration (5ms)
Platform modules already initialized, skipping
Refreshing native plugins compatible for Editor in 1.30 ms, found 3 plugins.
Preloading 0 native plugins for Editor in 0.00 ms.
Unloading 3254 Unused Serialized files (Serialized files now loaded: 0)
Unloading 17 unused Assets / (24.6 KB). Loaded Objects now: 3765.
Memory consumption went from 116.4 MB to 116.3 MB.
Total: 2.910100 ms (FindLiveObjects: 0.328900 ms CreateObjectMapping: 0.079900 ms MarkObjects: 2.462600 ms  DeleteObjects: 0.037700 ms)

AssetImportParameters requested are different than current active one (requested -> active):
  custom:video-decoder-ogg-theora: a1e56fd34408186e4bbccfd4996cb3dc -> 
  custom:container-muxer-webm: aa71ff27fc2769a1b78a27578f13a17b -> 
  custom:container-demuxer-webm: 4f35f7cbe854078d1ac9338744f61a02 -> 
  custom:video-encoder-webm-vp8: eb34c28f22e8b96e1ab97ce403110664 -> 
  custom:audio-encoder-webm-vorbis: bf7c407c2cedff20999df2af8eb42d56 -> 
  custom:framework-win-MediaFoundation: 216162199b28c13a410421893ffa2e32 -> 
  custom:container-demuxer-ogg: 62fdf1f143b41e24485cea50d1cbac27 -> 
  custom:video-decoder-webm-vp8: 9c59270c3fd7afecdb556c50c9e8de78 -> 
  custom:audio-decoder-ogg-vorbis: bf7c407c2cedff20999df2af8eb42d56 -> 
========================================================================
Received Import Request.
  Time since last request: 481.219782 seconds.
  path: Assets/Prefabs/Fence Post 1.prefab
  artifactKey: Guid(6eaf1a6bb9700f34d8116d8ebae5629e) Importer(815301076,1909f56bfc062723c751e8b465ee728b)
Start importing Assets/Prefabs/Fence Post 1.prefab using Guid(6eaf1a6bb9700f34d8116d8ebae5629e) Importer(815301076,1909f56bfc062723c751e8b465ee728b)  -> (artifact id: '3a7315047288b08de0f82c6d824ca871') in 0.070550 seconds 
========================================================================
Received Import Request.
  Time since last request: 0.000015 seconds.
  path: Assets/Prefabs/Larger Fences.prefab
  artifactKey: Guid(907f3eda1a20b7444b64900b207e33dd) Importer(815301076,1909f56bfc062723c751e8b465ee728b)
Start importing Assets/Prefabs/Larger Fences.prefab using Guid(907f3eda1a20b7444b64900b207e33dd) Importer(815301076,1909f56bfc062723c751e8b465ee728b)  -> (artifact id: '0bbc9334cd35516681cca2cd719be415') in 0.012305 seconds 
========================================================================
Received Prepare
Registering precompiled user dll's ...
Registered in 0.002062 seconds.
Begin MonoManager ReloadAssembly
Symbol file LoadedFromMemory doesn't match image R:\New Project\Renewable Energy Project CIE 152\Library\PackageCache\com.unity.visualscripting@1.7.8\Editor\VisualScripting.Core\Dependencies\YamlDotNet\Unity.VisualScripting.YamlDotNet.dll
Symbol file LoadedFromMemory doesn't match image R:\New Project\Renewable Energy Project CIE 152\Library\PackageCache\com.unity.visualscripting@1.7.8\Editor\VisualScripting.Core\Dependencies\DotNetZip\Unity.VisualScripting.IonicZip.dll
Native extension for WindowsStandalone target not found
Refreshing native plugins compatible for Editor in 0.34 ms, found 3 plugins.
Preloading 0 native plugins for Editor in 0.00 ms.
Mono: successfully reloaded assembly
- Completed reload, in  0.786 seconds
Domain Reload Profiling:
	ReloadAssembly (786ms)
		BeginReloadAssembly (126ms)
			ExecutionOrderSort (0ms)
			DisableScriptedObjects (4ms)
			BackupInstance (0ms)
			ReleaseScriptingObjects (0ms)
			CreateAndSetChildDomain (28ms)
		EndReloadAssembly (564ms)
			LoadAssemblies (79ms)
			RebuildTransferFunctionScriptingTraits (0ms)
			SetupTypeCache (174ms)
			ReleaseScriptCaches (1ms)
			RebuildScriptCaches (35ms)
			SetupLoadedEditorAssemblies (266ms)
				LogAssemblyErrors (0ms)
				InitializePlatformSupportModulesInManaged (11ms)
				SetLoadedEditorAssemblies (0ms)
				RefreshPlugins (0ms)
				BeforeProcessingInitializeOnLoad (54ms)
				ProcessInitializeOnLoadAttributes (173ms)
				ProcessInitializeOnLoadMethodAttributes (15ms)
				AfterProcessingInitializeOnLoad (12ms)
				EditorAssembliesLoaded (0ms)
			ExecutionOrderSort2 (0ms)
			AwakeInstancesAfterBackupRestoration (5ms)
Platform modules already initialized, skipping
Refreshing native plugins compatible for Editor in 1.03 ms, found 3 plugins.
Preloading 0 native plugins for Editor in 0.00 ms.
Unloading 2902 Unused Serialized files (Serialized files now loaded: 0)
Unloading 158 unused Assets / (24.7 KB). Loaded Objects now: 3628.
Memory consumption went from 109.2 MB to 109.1 MB.
Total: 2.183300 ms (FindLiveObjects: 0.220700 ms CreateObjectMapping: 0.066800 ms MarkObjects: 1.854300 ms  DeleteObjects: 0.040800 ms)

AssetImportParameters requested are different than current active one (requested -> active):
  custom:video-decoder-ogg-theora: a1e56fd34408186e4bbccfd4996cb3dc -> 
  custom:container-muxer-webm: aa71ff27fc2769a1b78a27578f13a17b -> 
  custom:container-demuxer-webm: 4f35f7cbe854078d1ac9338744f61a02 -> 
  custom:video-encoder-webm-vp8: eb34c28f22e8b96e1ab97ce403110664 -> 
  custom:audio-encoder-webm-vorbis: bf7c407c2cedff20999df2af8eb42d56 -> 
  custom:framework-win-MediaFoundation: 216162199b28c13a410421893ffa2e32 -> 
  custom:container-demuxer-ogg: 62fdf1f143b41e24485cea50d1cbac27 -> 
  custom:video-decoder-webm-vp8: 9c59270c3fd7afecdb556c50c9e8de78 -> 
  custom:audio-decoder-ogg-vorbis: bf7c407c2cedff20999df2af8eb42d56 -> 
